<?xml version="1.0" encoding="UTF-8"?>
<!-- Generated by org.testng.reporters.JUnitReportReporter -->
<testsuite hostname="NOL-LT2208040" failures="0" tests="1" name="com.va.dsm.testcases.DsmE2ETest" time="152.535" errors="0" timestamp="08 Sep 2022 19:04:26 GMT" skipped="0">
  <testcase classname="com.va.dsm.testcases.DsmE2ETest" name="Test018_DSM_Email_Admin_Manage_Users" time="152.535"/>
</testsuite> <!-- com.va.dsm.testcases.DsmE2ETest -->
